Nested Path ==>  ./test/Al James - Schoolboy Facination
Inside ==> bass.wav
Inside ==> drums.wav
Inside ==> mixture.wav
Inside ==> other.wav
Inside ==> vocals.wav
Nested Path ==>  ./test/AM Contra - Heart Peripheral
Inside ==> bass.wav
Inside ==> drums.wav
Inside ==> mixture.wav
Inside ==> other.wav
Inside ==> vocals.wav
Nested Path ==>  ./test/Angels In Amplifiers - I'm Alright
Inside ==> bass.wav
Inside ==> drums.wav
Inside ==> mixture.wav
Inside ==> other.wav
Inside ==> vocals.wav
Nested Path ==>  ./test/Arise - Run Run Run
Inside ==> bass.wav
Inside ==> drums.wav
Inside ==> mixture.wav
Inside ==> other.wav
Inside ==> vocals.wav
Nested Path ==>  ./test/Ben Carrigan - We'll Talk About It All Tonight
Inside ==> bass.wav
Inside ==> drums.wav
Inside ==> mixture.wav
Inside ==> other.wav
Inside ==> vocals.wav
Nested Path ==>  ./test/BKS - Bulldozer
Inside ==> bass.wav
Inside ==> drums.wav
Inside ==> mixture.wav
Inside ==> other.wav
Inside ==> vocals.wav
Nested Path ==>  ./test/BKS - Too Much
Inside ==> bass.wav
Inside ==> drums.wav
Inside ==> mixture.wav
Inside ==> other.wav
Inside ==> vocals.wav
Nested Path ==>  ./test/Bobby Nobody - Stitch Up
Inside ==> bass.wav
Inside ==> drums.wav
Inside ==> mixture.wav
Inside ==> other.wav
Inside ==> vocals.wav
Nested Path ==>  ./test/Buitraker - Revo X
Inside ==> bass.wav
Inside ==> drums.wav
Inside ==> mixture.wav
Inside ==> other.wav
Inside ==> vocals.wav
Nested Path ==>  ./test/Carlos Gonzalez - A Place For Us
Inside ==> bass.wav
Inside ==> drums.wav
Inside ==> mixture.wav
Inside ==> other.wav
Inside ==> vocals.wav
Nested Path ==>  ./test/Cristina Vane - So Easy
Inside ==> bass.wav
Inside ==> drums.wav
Inside ==> mixture.wav
Inside ==> other.wav
Inside ==> vocals.wav
Nested Path ==>  ./test/Detsky Sad - Walkie Talkie
Inside ==> bass.wav
Inside ==> drums.wav
Inside ==> mixture.wav
Inside ==> other.wav
Inside ==> vocals.wav
Nested Path ==>  ./test/Enda Reilly - Cur An Long Ag Seol
Inside ==> bass.wav
Inside ==> drums.wav
Inside ==> mixture.wav
Inside ==> other.wav
Inside ==> vocals.wav
Nested Path ==>  ./test/Forkupines - Semantics
Inside ==> bass.wav
Inside ==> drums.wav
Inside ==> mixture.wav
Inside ==> other.wav
Inside ==> vocals.wav
Nested Path ==>  ./test/Georgia Wonder - Siren
Inside ==> bass.wav
Inside ==> drums.wav
Inside ==> mixture.wav
Inside ==> other.wav
Inside ==> vocals.wav
Nested Path ==>  ./test/Girls Under Glass - We Feel Alright
Inside ==> bass.wav
Inside ==> drums.wav
Inside ==> mixture.wav
Inside ==> other.wav
Inside ==> vocals.wav
Nested Path ==>  ./test/Hollow Ground - Ill Fate
Inside ==> bass.wav
Inside ==> drums.wav
Inside ==> mixture.wav
Inside ==> other.wav
Inside ==> vocals.wav
Nested Path ==>  ./test/James Elder & Mark M Thompson - The English Actor
Inside ==> bass.wav
Inside ==> drums.wav
Inside ==> mixture.wav
Inside ==> other.wav
Inside ==> vocals.wav
Nested Path ==>  ./test/Juliet's Rescue - Heartbeats
Inside ==> bass.wav
Inside ==> drums.wav
Inside ==> mixture.wav
Inside ==> other.wav
Inside ==> vocals.wav
Nested Path ==>  ./test/Little Chicago's Finest - My Own
Inside ==> bass.wav
Inside ==> drums.wav
Inside ==> mixture.wav
Inside ==> other.wav
Inside ==> vocals.wav
Nested Path ==>  ./test/Louis Cressy Band - Good Time
Inside ==> bass.wav
Inside ==> drums.wav
Inside ==> mixture.wav
Inside ==> other.wav
Inside ==> vocals.wav
Nested Path ==>  ./test/Lyndsey Ollard - Catching Up
Inside ==> bass.wav
Inside ==> drums.wav
Inside ==> mixture.wav
Inside ==> other.wav
Inside ==> vocals.wav
Nested Path ==>  ./test/M.E.R.C. Music - Knockout
Inside ==> bass.wav
Inside ==> drums.wav
Inside ==> mixture.wav
Inside ==> other.wav
Inside ==> vocals.wav
Nested Path ==>  ./test/Moosmusic - Big Dummy Shake
Inside ==> bass.wav
Inside ==> drums.wav
Inside ==> mixture.wav
Inside ==> other.wav
Inside ==> vocals.wav
Nested Path ==>  ./test/Motor Tapes - Shore
Inside ==> bass.wav
Inside ==> drums.wav
Inside ==> mixture.wav
Inside ==> other.wav
Inside ==> vocals.wav
Nested Path ==>  ./test/Mu - Too Bright
Inside ==> bass.wav
Inside ==> drums.wav
Inside ==> mixture.wav
Inside ==> other.wav
Inside ==> vocals.wav
Nested Path ==>  ./test/Nerve 9 - Pray For The Rain
Inside ==> bass.wav
Inside ==> drums.wav
Inside ==> mixture.wav
Inside ==> other.wav
Inside ==> vocals.wav
Nested Path ==>  ./test/PR - Happy Daze
Inside ==> bass.wav
Inside ==> drums.wav
Inside ==> mixture.wav
Inside ==> other.wav
Inside ==> vocals.wav
Nested Path ==>  ./test/PR - Oh No
Inside ==> bass.wav
Inside ==> drums.wav
Inside ==> mixture.wav
Inside ==> other.wav
Inside ==> vocals.wav
Nested Path ==>  ./test/Punkdisco - Oral Hygiene
Inside ==> bass.wav
Inside ==> drums.wav
Inside ==> mixture.wav
Inside ==> other.wav
Inside ==> vocals.wav
Nested Path ==>  ./test/Raft Monk - Tiring
Inside ==> bass.wav
Inside ==> drums.wav
Inside ==> mixture.wav
Inside ==> other.wav
Inside ==> vocals.wav
Nested Path ==>  ./test/Sambasevam Shanmugam - Kaathaadi
Inside ==> bass.wav
Inside ==> drums.wav
Inside ==> mixture.wav
Inside ==> other.wav
Inside ==> vocals.wav
Nested Path ==>  ./test/Secretariat - Borderline
Inside ==> bass.wav
Inside ==> drums.wav
Inside ==> mixture.wav
Inside ==> other.wav
Inside ==> vocals.wav
Nested Path ==>  ./test/Secretariat - Over The Top
Inside ==> bass.wav
Inside ==> drums.wav
Inside ==> mixture.wav
Inside ==> other.wav
Inside ==> vocals.wav
Nested Path ==>  ./test/Side Effects Project - Sing With Me
Inside ==> bass.wav
Inside ==> drums.wav
Inside ==> mixture.wav
Inside ==> other.wav
Inside ==> vocals.wav
Nested Path ==>  ./test/Signe Jakobsen - What Have You Done To Me
Inside ==> bass.wav
Inside ==> drums.wav
Inside ==> mixture.wav
Inside ==> other.wav
Inside ==> vocals.wav
Nested Path ==>  ./test/Skelpolu - Resurrection
Inside ==> bass.wav
Inside ==> drums.wav
Inside ==> mixture.wav
Inside ==> other.wav
Inside ==> vocals.wav
Nested Path ==>  ./test/Speak Softly - Broken Man
Inside ==> bass.wav
Inside ==> drums.wav
Inside ==> mixture.wav
Inside ==> other.wav
Inside ==> vocals.wav
Nested Path ==>  ./test/Speak Softly - Like Horses
Inside ==> bass.wav
Inside ==> drums.wav
Inside ==> mixture.wav
Inside ==> other.wav
Inside ==> vocals.wav
Nested Path ==>  ./test/The Doppler Shift - Atrophy
Inside ==> bass.wav
Inside ==> drums.wav
Inside ==> mixture.wav
Inside ==> other.wav
Inside ==> vocals.wav
Nested Path ==>  ./test/The Easton Ellises (Baumi) - SDRNR
Inside ==> bass.wav
Inside ==> drums.wav
Inside ==> mixture.wav
Inside ==> other.wav
Inside ==> vocals.wav
Nested Path ==>  ./test/The Easton Ellises - Falcon 69
Inside ==> bass.wav
Inside ==> drums.wav
Inside ==> mixture.wav
Inside ==> other.wav
Inside ==> vocals.wav
Nested Path ==>  ./test/The Long Wait - Dark Horses
Inside ==> bass.wav
Inside ==> drums.wav
Inside ==> mixture.wav
Inside ==> other.wav
Inside ==> vocals.wav
Nested Path ==>  ./test/The Mountaineering Club - Mallory
Inside ==> bass.wav
Inside ==> drums.wav
Inside ==> mixture.wav
Inside ==> other.wav
Inside ==> vocals.wav
Nested Path ==>  ./test/The Sunshine Garcia Band - For I Am The Moon
Inside ==> bass.wav
Inside ==> drums.wav
Inside ==> mixture.wav
Inside ==> other.wav
Inside ==> vocals.wav
Nested Path ==>  ./test/Timboz - Pony
Inside ==> bass.wav
Inside ==> drums.wav
Inside ==> mixture.wav
Inside ==> other.wav
Inside ==> vocals.wav
Nested Path ==>  ./test/Tom McKenzie - Directions
Inside ==> bass.wav
Inside ==> drums.wav
Inside ==> mixture.wav
Inside ==> other.wav
Inside ==> vocals.wav
Nested Path ==>  ./test/Triviul feat. The Fiend - Widow
Inside ==> bass.wav
Inside ==> drums.wav
Inside ==> mixture.wav
Inside ==> other.wav
Inside ==> vocals.wav
Nested Path ==>  ./test/We Fell From The Sky - Not You
Inside ==> bass.wav
Inside ==> drums.wav
Inside ==> mixture.wav
Inside ==> other.wav
Inside ==> vocals.wav
Nested Path ==>  ./test/Zeno - Signs
Inside ==> bass.wav
Inside ==> drums.wav
Inside ==> mixture.wav
Inside ==> other.wav
Inside ==> vocals.wav
